<?xml version="1.0" encoding="UTF-8"?>
<robot generator="Robot 3.2.2 (Python 3.7.0 on win32)" generated="20210129 14:48:44.193" rpa="false">
<suite id="s1" name="TS 001" source="C:\Users\admin\PycharmProjects\PracticeFiles\Practice\TS_001.robot">
<kw name="Login TestRail" library="keywords" type="setup">
<doc>Instantinates Client class</doc>
<kw name="Time Generation" library="keywords">
<doc>Generate unix time for user's add data</doc>
<kw name="Time Generation" library="keywords">
<doc>Generate unix time for user's add data</doc>
<assign>
<var>${loc_time}</var>
</assign>
<kw name="Time Generation" library="keywords">
<doc>Generate unix time for user's add data</doc>
<assign>
<var>${loc_time}</var>
</assign>
<kw name="Time Generation" library="keywords">
<doc>Generate unix time for user's add data</doc>
<assign>
<var>${loc_time}</var>
</assign>
<kw name="Time Generation" library="keywords">
<doc>Generate unix time for user's add data</doc>
<assign>
<var>${loc_time}</var>
</assign>
<kw name="Time Generation" library="keywords">
<doc>Generate unix time for user's add data</doc>
<assign>
<var>${loc_time}</var>
</assign>
<kw name="Time Generation" library="keywords">
<doc>Generate unix time for user's add data</doc>
<assign>
<var>${loc_time}</var>
</assign>
<kw name="Time Generation" library="keywords">
<doc>Generate unix time for user's add data</doc>
<assign>
<var>${loc_time}</var>
</assign>
<kw name="Time Generation" library="keywords">
<doc>Generate unix time for user's add data</doc>
<assign>
<var>${loc_time}</var>
</assign>
<kw name="Time Generation" library="keywords">
<doc>Generate unix time for user's add data</doc>
<assign>
<var>${loc_time}</var>
</assign>
<kw name="Time Generation" library="keywords">
<doc>Generate unix time for user's add data</doc>
<assign>
<var>${loc_time}</var>
</assign>
<kw name="Time Generation" library="keywords">
<doc>Generate unix time for user's add data</doc>
<assign>
<var>${loc_time}</var>
</assign>
<kw name="Time Generation" library="keywords">
<doc>Generate unix time for user's add data</doc>
<assign>
<var>${loc_time}</var>
</assign>
<kw name="Time Generation" library="keywords">
<doc>Generate unix time for user's add data</doc>
<assign>
<var>${loc_time}</var>
</assign>
<kw name="Time Generation" library="keywords">
<doc>Generate unix time for user's add data</doc>
<assign>
<var>${loc_time}</var>
</assign>
<kw name="Time Generation" library="keywords">
<doc>Generate unix time for user's add data</doc>
<assign>
<var>${loc_time}</var>
</assign>
<kw name="Time Generation" library="keywords">
<doc>Generate unix time for user's add data</doc>
<assign>
<var>${loc_time}</var>
</assign>
<kw name="Time Generation" library="keywords">
<doc>Generate unix time for user's add data</doc>
<assign>
<var>${loc_time}</var>
</assign>
<kw name="Time Generation" library="keywords">
<doc>Generate unix time for user's add data</doc>
<assign>
<var>${loc_time}</var>
</assign>
<kw name="Time Generation" library="keywords">
<doc>Generate unix time for user's add data</doc>
<assign>
<var>${loc_time}</var>
</assign>
<kw name="Time Generation" library="keywords">
<doc>Generate unix time for user's add data</doc>
<assign>
<var>${loc_time}</var>
</assign>
<kw name="Time Generation" library="keywords">
<doc>Generate unix time for user's add data</doc>
<assign>
<var>${loc_time}</var>
</assign>
<kw name="Time Generation" library="keywords">
<doc>Generate unix time for user's add data</doc>
<assign>
<var>${loc_time}</var>
</assign>
<kw name="Time Generation" library="keywords">
<doc>Generate unix time for user's add data</doc>
<assign>
<var>${loc_time}</var>
</assign>
<kw name="Time Generation" library="keywords">
<doc>Generate unix time for user's add data</doc>
<assign>
<var>${loc_time}</var>
</assign>
<kw name="Time Generation" library="keywords">
<doc>Generate unix time for user's add data</doc>
<assign>
<var>${loc_time}</var>
</assign>
<kw name="Time Generation" library="keywords">
<doc>Generate unix time for user's add data</doc>
<assign>
<var>${loc_time}</var>
</assign>
<kw name="Time Generation" library="keywords">
<doc>Generate unix time for user's add data</doc>
<assign>
<var>${loc_time}</var>
</assign>
<kw name="Time Generation" library="keywords">
<doc>Generate unix time for user's add data</doc>
<assign>
<var>${loc_time}</var>
</assign>
<kw name="Time Generation" library="keywords">
<doc>Generate unix time for user's add data</doc>
<assign>
<var>${loc_time}</var>
</assign>
<kw name="Time Generation" library="keywords">
<doc>Generate unix time for user's add data</doc>
<assign>
<var>${loc_time}</var>
</assign>
<kw name="Time Generation" library="keywords">
<doc>Generate unix time for user's add data</doc>
<assign>
<var>${loc_time}</var>
</assign>
<kw name="Time Generation" library="keywords">
<doc>Generate unix time for user's add data</doc>
<assign>
<var>${loc_time}</var>
</assign>
<kw name="Time Generation" library="keywords">
<doc>Generate unix time for user's add data</doc>
<assign>
<var>${loc_time}</var>
</assign>
<kw name="Time Generation" library="keywords">
<doc>Generate unix time for user's add data</doc>
<assign>
<var>${loc_time}</var>
</assign>
<kw name="Time Generation" library="keywords">
<doc>Generate unix time for user's add data</doc>
<assign>
<var>${loc_time}</var>
</assign>
<kw name="Time Generation" library="keywords">
<doc>Generate unix time for user's add data</doc>
<assign>
<var>${loc_time}</var>
</assign>
<kw name="Time Generation" library="keywords">
<doc>Generate unix time for user's add data</doc>
<assign>
<var>${loc_time}</var>
</assign>
<kw name="Time Generation" library="keywords">
<doc>Generate unix time for user's add data</doc>
<assign>
<var>${loc_time}</var>
</assign>
<kw name="Time Generation" library="keywords">
<doc>Generate unix time for user's add data</doc>
<assign>
<var>${loc_time}</var>
</assign>
<kw name="Time Generation" library="keywords">
<doc>Generate unix time for user's add data</doc>
<assign>
<var>${loc_time}</var>
</assign>
<msg timestamp="20210129 14:48:44.311" level="FAIL">Maximum limit of started keywords exceeded.</msg>
<status status="FAIL" starttime="20210129 14:48:44.311" endtime="20210129 14:48:44.311"></status>
</kw>
<status status="FAIL" starttime="20210129 14:48:44.311" endtime="20210129 14:48:44.312"></status>
</kw>
<status status="FAIL" starttime="20210129 14:48:44.310" endtime="20210129 14:48:44.312"></status>
</kw>
<status status="FAIL" starttime="20210129 14:48:44.310" endtime="20210129 14:48:44.312"></status>
</kw>
<status status="FAIL" starttime="20210129 14:48:44.310" endtime="20210129 14:48:44.312"></status>
</kw>
<status status="FAIL" starttime="20210129 14:48:44.310" endtime="20210129 14:48:44.312"></status>
</kw>
<status status="FAIL" starttime="20210129 14:48:44.310" endtime="20210129 14:48:44.312"></status>
</kw>
<status status="FAIL" starttime="20210129 14:48:44.310" endtime="20210129 14:48:44.312"></status>
</kw>
<status status="FAIL" starttime="20210129 14:48:44.310" endtime="20210129 14:48:44.312"></status>
</kw>
<status status="FAIL" starttime="20210129 14:48:44.309" endtime="20210129 14:48:44.312"></status>
</kw>
<status status="FAIL" starttime="20210129 14:48:44.309" endtime="20210129 14:48:44.313"></status>
</kw>
<status status="FAIL" starttime="20210129 14:48:44.309" endtime="20210129 14:48:44.313"></status>
</kw>
<status status="FAIL" starttime="20210129 14:48:44.309" endtime="20210129 14:48:44.313"></status>
</kw>
<status status="FAIL" starttime="20210129 14:48:44.309" endtime="20210129 14:48:44.313"></status>
</kw>
<status status="FAIL" starttime="20210129 14:48:44.309" endtime="20210129 14:48:44.313"></status>
</kw>
<status status="FAIL" starttime="20210129 14:48:44.308" endtime="20210129 14:48:44.313"></status>
</kw>
<status status="FAIL" starttime="20210129 14:48:44.308" endtime="20210129 14:48:44.313"></status>
</kw>
<status status="FAIL" starttime="20210129 14:48:44.308" endtime="20210129 14:48:44.313"></status>
</kw>
<status status="FAIL" starttime="20210129 14:48:44.308" endtime="20210129 14:48:44.313"></status>
</kw>
<status status="FAIL" starttime="20210129 14:48:44.308" endtime="20210129 14:48:44.313"></status>
</kw>
<status status="FAIL" starttime="20210129 14:48:44.308" endtime="20210129 14:48:44.314"></status>
</kw>
<status status="FAIL" starttime="20210129 14:48:44.308" endtime="20210129 14:48:44.314"></status>
</kw>
<status status="FAIL" starttime="20210129 14:48:44.307" endtime="20210129 14:48:44.314"></status>
</kw>
<status status="FAIL" starttime="20210129 14:48:44.307" endtime="20210129 14:48:44.314"></status>
</kw>
<status status="FAIL" starttime="20210129 14:48:44.307" endtime="20210129 14:48:44.314"></status>
</kw>
<status status="FAIL" starttime="20210129 14:48:44.307" endtime="20210129 14:48:44.314"></status>
</kw>
<status status="FAIL" starttime="20210129 14:48:44.307" endtime="20210129 14:48:44.314"></status>
</kw>
<status status="FAIL" starttime="20210129 14:48:44.307" endtime="20210129 14:48:44.314"></status>
</kw>
<status status="FAIL" starttime="20210129 14:48:44.307" endtime="20210129 14:48:44.314"></status>
</kw>
<status status="FAIL" starttime="20210129 14:48:44.306" endtime="20210129 14:48:44.314"></status>
</kw>
<status status="FAIL" starttime="20210129 14:48:44.306" endtime="20210129 14:48:44.315"></status>
</kw>
<status status="FAIL" starttime="20210129 14:48:44.306" endtime="20210129 14:48:44.315"></status>
</kw>
<status status="FAIL" starttime="20210129 14:48:44.306" endtime="20210129 14:48:44.315"></status>
</kw>
<status status="FAIL" starttime="20210129 14:48:44.305" endtime="20210129 14:48:44.315"></status>
</kw>
<status status="FAIL" starttime="20210129 14:48:44.305" endtime="20210129 14:48:44.315"></status>
</kw>
<status status="FAIL" starttime="20210129 14:48:44.305" endtime="20210129 14:48:44.315"></status>
</kw>
<status status="FAIL" starttime="20210129 14:48:44.305" endtime="20210129 14:48:44.315"></status>
</kw>
<status status="FAIL" starttime="20210129 14:48:44.305" endtime="20210129 14:48:44.315"></status>
</kw>
<status status="FAIL" starttime="20210129 14:48:44.305" endtime="20210129 14:48:44.315"></status>
</kw>
<status status="FAIL" starttime="20210129 14:48:44.304" endtime="20210129 14:48:44.315"></status>
</kw>
<status status="FAIL" starttime="20210129 14:48:44.304" endtime="20210129 14:48:44.315"></status>
</kw>
<status status="FAIL" starttime="20210129 14:48:44.304" endtime="20210129 14:48:44.316"></status>
</kw>
<test id="s1-t1" name="Test Added User">
<doc>Check availability to get users info</doc>
<status status="FAIL" starttime="20210129 14:48:44.316" endtime="20210129 14:48:44.316" critical="yes">Parent suite setup failed:
Maximum limit of started keywords exceeded.</status>
</test>
<test id="s1-t2" name="Test Added Data">
<doc>Check process of adding date</doc>
<status status="FAIL" starttime="20210129 14:48:44.318" endtime="20210129 14:48:44.318" critical="yes">Parent suite setup failed:
Maximum limit of started keywords exceeded.</status>
</test>
<test id="s1-t3" name="Get Cases Status Code">
<doc>Checks correctness of method's status code</doc>
<status status="FAIL" starttime="20210129 14:48:44.320" endtime="20210129 14:48:44.320" critical="yes">Parent suite setup failed:
Maximum limit of started keywords exceeded.</status>
</test>
<test id="s1-t4" name="Get Cases With Wrong Data">
<doc>Checks the inability of getting info
with wrong data</doc>
<status status="FAIL" starttime="20210129 14:48:44.321" endtime="20210129 14:48:44.322" critical="yes">Parent suite setup failed:
Maximum limit of started keywords exceeded.</status>
</test>
<test id="s1-t5" name="Get Cases Data Size">
<doc>Checks list of users</doc>
<status status="FAIL" starttime="20210129 14:48:44.323" endtime="20210129 14:48:44.324" critical="yes">Parent suite setup failed:
Maximum limit of started keywords exceeded.</status>
</test>
<status status="FAIL" starttime="20210129 14:48:44.194" endtime="20210129 14:48:44.325">Suite setup failed:
Maximum limit of started keywords exceeded.</status>
</suite>
<statistics>
<total>
<stat pass="0" fail="5">Critical Tests</stat>
<stat pass="0" fail="5">All Tests</stat>
</total>
<tag>
</tag>
<suite>
<stat pass="0" fail="5" id="s1" name="TS 001">TS 001</stat>
</suite>
</statistics>
<errors>
<msg timestamp="20210129 14:48:44.297" level="ERROR">Error in file 'C:\Users\admin\PycharmProjects\PracticeFiles\Practice\keywords.robot' on line 4: Importing test library 'C:\Users\admin\PycharmProjects\PracticeFiles\Practice\req.py' failed: ModuleNotFoundError: No module named 'bs4'
Traceback (most recent call last):
  File "C:\Users\admin\PycharmProjects\PracticeFiles\Practice\req.py", line 2, in &lt;module&gt;
    from bs4 import BeautifulSoup
PYTHONPATH:
  C:\Users\admin\PycharmProjects\PracticeFiles\venv\Scripts\robot.exe
  c:\users\admin\pycharmprojects\practicefiles\venv\scripts\python37.zip
  C:\Users\admin\AppData\Local\Programs\Python\Python37\DLLs
  C:\Users\admin\AppData\Local\Programs\Python\Python37\lib
  C:\Users\admin\AppData\Local\Programs\Python\Python37
  c:\users\admin\pycharmprojects\practicefiles\venv
  c:\users\admin\pycharmprojects\practicefiles\venv\lib\site-packages</msg>
</errors>
</robot>
